mode: atomic
github.com/d-dot-one/awn/client.go:100.46,102.16 2 0
github.com/d-dot-one/awn/client.go:102.16,104.3 1 0
github.com/d-dot-one/awn/client.go:105.2,105.12 1 0
github.com/d-dot-one/awn/client.go:105.12,107.3 1 0
github.com/d-dot-one/awn/client.go:108.2,108.18 1 0
github.com/d-dot-one/awn/client.go:113.39,115.2 1 0
github.com/d-dot-one/awn/client.go:125.50,129.9 3 0
github.com/d-dot-one/awn/client.go:129.9,131.3 1 0
github.com/d-dot-one/awn/client.go:133.2,136.32 3 0
github.com/d-dot-one/awn/client.go:147.47,157.42 1 0
github.com/d-dot-one/awn/client.go:157.42,161.5 1 0
github.com/d-dot-one/awn/client.go:163.2,165.20 2 0
github.com/d-dot-one/awn/client.go:176.60,182.2 4 1
github.com/d-dot-one/awn/client.go:194.84,208.52 7 0
github.com/d-dot-one/awn/client.go:208.52,210.3 1 0
github.com/d-dot-one/awn/client.go:212.2,212.25 1 0
github.com/d-dot-one/awn/client.go:226.92,250.52 7 0
github.com/d-dot-one/awn/client.go:250.52,252.3 1 0
github.com/d-dot-one/awn/client.go:254.2,254.25 1 0
github.com/d-dot-one/awn/client.go:265.98,268.79 2 0
github.com/d-dot-one/awn/client.go:268.79,275.3 4 0
github.com/d-dot-one/awn/client.go:277.2,277.28 1 0
github.com/d-dot-one/awn/client.go:290.71,291.16 1 3
github.com/d-dot-one/awn/client.go:291.16,292.16 1 0
github.com/d-dot-one/awn/client.go:293.16,294.34 1 0
github.com/d-dot-one/awn/client.go:295.16,296.34 1 0
github.com/d-dot-one/awn/client.go:297.18,298.36 1 0
github.com/d-dot-one/awn/client.go:299.15,300.36 1 0
github.com/d-dot-one/awn/client.go:301.16,302.36 1 0
github.com/d-dot-one/awn/client.go:305.2,305.12 1 3
github.com/d-dot-one/awn/client.go:315.58,317.8 2 0
github.com/d-dot-one/awn/client.go:317.8,318.18 1 0
github.com/d-dot-one/awn/client.go:319.25,321.34 2 0
github.com/d-dot-one/awn/client.go:322.33,324.34 2 0
github.com/d-dot-one/awn/client.go:325.23,327.38 2 0
github.com/d-dot-one/awn/client.go:328.29,330.38 2 0
github.com/d-dot-one/awn/client.go:331.11,332.21 1 0
github.com/d-dot-one/awn/client.go:336.2,336.18 1 0
github.com/d-dot-one/awn/client.go:350.56,355.12 3 0
github.com/d-dot-one/awn/client.go:355.12,358.80 2 0
github.com/d-dot-one/awn/client.go:358.80,365.4 4 0
github.com/d-dot-one/awn/client.go:368.2,368.17 1 0
github.com/d-dot-one/awn/client.go:377.50,380.22 2 1
github.com/d-dot-one/awn/client.go:380.22,383.3 2 2
github.com/d-dot-one/awn/client.go:385.2,385.16 1 1
github.com/d-dot-one/awn/client.go:394.52,396.13 2 4
github.com/d-dot-one/awn/client.go:396.13,398.3 1 2
github.com/d-dot-one/awn/client.go:400.2,400.14 1 4
github.com/d-dot-one/awn/data_structures.go:22.39,26.2 2 0
github.com/d-dot-one/awn/data_structures.go:29.54,37.2 1 0
github.com/d-dot-one/awn/data_structures.go:41.38,49.2 1 1
github.com/d-dot-one/awn/data_structures.go:90.45,94.2 2 0
github.com/d-dot-one/awn/data_structures.go:176.40,181.2 3 0
github.com/d-dot-one/awn/realtime_client.go:15.40,40.2 2 0
